<?xml version="1.0" encoding="utf-8"?><testsuites name="pytest tests"><testsuite name="pytest" errors="0" failures="0" skipped="0" tests="12" time="1.867" timestamp="2026-05-23T19:45:43.150066+00:00" hostname="agent-env-77e1815b-5946-41b4-ae2e-fe038093efbc"><testcase classname="backend.tests.test_neurosaude_api" name="test_list_articles_returns_three" time="0.189" /><testcase classname="backend.tests.test_neurosaude_api" name="test_articles_filter_by_category[brain-aneurisma-cerebral-sintomas-fatores-de-risco-e-tratamentos]" time="0.147" /><testcase classname="backend.tests.test_neurosaude_api" name="test_articles_filter_by_category[spine-hernia-de-disco-sintomas-causas-e-quando-a-cirurgia-e-necessaria]" time="0.110" /><testcase classname="backend.tests.test_neurosaude_api" name="test_articles_filter_by_category[prevention-dor-nas-costas-constante-como-diferenciar-dor-muscular-de-problema-grave]" time="0.173" /><testcase classname="backend.tests.test_neurosaude_api" name="test_articles_text_search" time="0.115" /><testcase classname="backend.tests.test_neurosaude_api" name="test_featured_returns_most_recent" time="0.142" /><testcase classname="backend.tests.test_neurosaude_api" name="test_most_read_sorted_by_views" time="0.108" /><testcase classname="backend.tests.test_neurosaude_api" name="test_article_detail_increments_views" time="0.234" /><testcase classname="backend.tests.test_neurosaude_api" name="test_article_detail_not_found" time="0.146" /><testcase classname="backend.tests.test_neurosaude_api" name="test_categories_returns_three" time="0.106" /><testcase classname="backend.tests.test_neurosaude_api" name="test_newsletter_signup_and_duplicate" time="0.211" /><testcase classname="backend.tests.test_neurosaude_api" name="test_newsletter_invalid_email" time="0.105" /></testsuite></testsuites>